<?xml version='1.0' encoding='UTF-8'?>
<testsuite hostname="tests-MacBook-Pro" name="cornichonTests.authTest" tests="1" errors="0" failures="1" skipped="0" time="0.0" timestamp="2019-09-24T11:07:55">
                     <properties>
[...]
</properties>
                     <testcase classname="cornichonTests.authTest" name="(It is not a test it is a sbt.testing.SuiteSelector)" time="0.0">
                                                 <failure message="Cannot convert configuration to a cornichonTests.Config. Failures are:
  - (file:/Users/abityukov/ctp-smoke-tests/authtest/target/scala-2.12/test-classes/application.conf:6) Unable to parse the configuration: Could not resolve substitution to a value: ${PROJECT_KEY}.
" type="pureconfig.error.ConfigReaderException">pureconfig.error.ConfigReaderException: Cannot convert configuration to a cornichonTests.Config. Failures are:
  - (file:/Users/abityukov/ctp-smoke-tests/authtest/target/scala-2.12/test-classes/application.conf:6) Unable to parse the configuration: Could not resolve substitution to a value: ${PROJECT_KEY}.

	at pureconfig.ConfigSource.loadOrThrow(ConfigSource.scala:80)
	at pureconfig.ConfigSource.loadOrThrow$(ConfigSource.scala:77)
	at pureconfig.ConfigSource$$anon$2.loadOrThrow(ConfigSource.scala:315)
	at cornichonTests.FeatureConfig.configuration(FeatureConfig.scala:13)
	at cornichonTests.FeatureConfig.configuration$(FeatureConfig.scala:13)
	at cornichonTests.authTest.configuration$lzycompute(authTest.scala:4)
	at cornichonTests.authTest.configuration(authTest.scala:4)
	at cornichonTests.authTest.feature(authTest.scala:8)
	at com.github.agourlay.cornichon.framework.CornichonFeatureTask.$anonfun$loadAndExecuteFeature$1(CornichonFeatureTask.scala:27)
	at cats.syntax.EitherObjectOps$.catchNonFatal$extension(either.scala:329)
	at com.github.agourlay.cornichon.framework.CornichonFeatureTask.loadAndExecuteFeature(CornichonFeatureTask.scala:27)
	at com.github.agourlay.cornichon.framework.CornichonFeatureTask.execute(CornichonFeatureTask.scala:19)
	at sbt.TestRunner.runTest$1(TestFramework.scala:139)
	at sbt.TestRunner.run(TestFramework.scala:154)
	at sbt.TestFramework$$anon$3$$anonfun$$lessinit$greater$1.$anonfun$apply$1(TestFramework.scala:317)
	at sbt.TestFramework$.sbt$TestFramework$$withContextLoader(TestFramework.scala:277)
	at sbt.TestFramework$$anon$3$$anonfun$$lessinit$greater$1.apply(TestFramework.scala:317)
	at sbt.TestFramework$$anon$3$$anonfun$$lessinit$greater$1.apply(TestFramework.scala:317)
	at sbt.TestFunction.apply(TestFramework.scala:329)
	at sbt.Tests$.$anonfun$toTask$1(Tests.scala:311)
	at sbt.std.Transform$$anon$3.$anonfun$apply$2(Transform.scala:46)
	at sbt.std.Transform$$anon$4.work(Transform.scala:67)
	at sbt.Execute.$anonfun$submit$2(Execute.scala:280)
	at sbt.internal.util.ErrorHandling$.wideConvert(ErrorHandling.scala:19)
	at sbt.Execute.work(Execute.scala:289)
	at sbt.Execute.$anonfun$submit$1(Execute.scala:280)
	at sbt.ConcurrentRestrictions$$anon$4.$anonfun$submitValid$1(ConcurrentRestrictions.scala:178)
	at sbt.CompletionService$$anon$2.call(CompletionService.scala:37)
	at java.base/java.util.concurrent.FutureTask.run(FutureTask.java:264)
	at java.base/java.util.concurrent.Executors$RunnableAdapter.call(Executors.java:515)
	at java.base/java.util.concurrent.FutureTask.run(FutureTask.java:264)
	at java.base/java.util.concurrent.ThreadPoolExecutor.runWorker(ThreadPoolExecutor.java:1128)
	at java.base/java.util.concurrent.ThreadPoolExecutor$Worker.run(ThreadPoolExecutor.java:628)
	at java.base/java.lang.Thread.run(Thread.java:834)
</failure>
                                               </testcase>
                     <system-out><![CDATA[]]></system-out>
                     <system-err><![CDATA[]]></system-err>
                   </testsuite>